  [1m[35m (35.8ms)[0m  [1m[35mCREATE TABLE `schema_migrations` (`version` varchar(255) PRIMARY KEY) ENGINE=InnoDB[0m
  [1m[35m (21.1ms)[0m  [1m[35mCREATE TABLE `ar_internal_metadata` (`key` varchar(255) PRIMARY KEY, `value` varchar(255), `created_at` datetime NOT NULL, `updated_at` datetime NOT NULL) ENGINE=InnoDB[0m
  [1m[35m (0.2ms)[0m  [1m[34mSELECT DATABASE() as db[0m
  [1m[35m (0.2ms)[0m  [1m[34mSELECT GET_LOCK('7929587608609798635', 0);[0m
  [1m[36mActiveRecord::SchemaMigration Load (0.3ms)[0m  [1m[34mSELECT `schema_migrations`.* FROM `schema_migrations`[0m
Migrating to CreateYears (20170125181415)
  [1m[35m (19.3ms)[0m  [1m[35mCREATE TABLE `years` (`id` int AUTO_INCREMENT PRIMARY KEY, `year` int NOT NULL, `created_at` datetime NOT NULL, `updated_at` datetime NOT NULL) ENGINE=InnoDB[0m
  [1m[35m (0.1ms)[0m  [1m[35mBEGIN[0m
  [1m[35mSQL (1.1ms)[0m  [1m[32mINSERT INTO `schema_migrations` (`version`) VALUES ('20170125181415')[0m
  [1m[35m (0.4ms)[0m  [1m[35mCOMMIT[0m
Migrating to CreateMakes (20170125181427)
  [1m[35m (20.7ms)[0m  [1m[35mCREATE TABLE `makes` (`id` int AUTO_INCREMENT PRIMARY KEY, `name` varchar(255) NOT NULL, `created_at` datetime NOT NULL, `updated_at` datetime NOT NULL) ENGINE=InnoDB[0m
  [1m[35m (0.1ms)[0m  [1m[35mBEGIN[0m
  [1m[35mSQL (0.1ms)[0m  [1m[32mINSERT INTO `schema_migrations` (`version`) VALUES ('20170125181427')[0m
  [1m[35m (0.2ms)[0m  [1m[35mCOMMIT[0m
  [1m[36mActiveRecord::InternalMetadata Load (0.2ms)[0m  [1m[34mSELECT  `ar_internal_metadata`.* FROM `ar_internal_metadata` WHERE `ar_internal_metadata`.`key` = 'environment' LIMIT 1[0m
  [1m[35m (0.1ms)[0m  [1m[35mBEGIN[0m
  [1m[35mSQL (0.2ms)[0m  [1m[32mINSERT INTO `ar_internal_metadata` (`key`, `value`, `created_at`, `updated_at`) VALUES ('environment', 'development', '2017-01-25 18:15:06', '2017-01-25 18:15:06')[0m
  [1m[35m (0.4ms)[0m  [1m[35mCOMMIT[0m
  [1m[35m (0.1ms)[0m  [1m[34mSELECT RELEASE_LOCK('7929587608609798635')[0m
  [1m[36mActiveRecord::SchemaMigration Load (0.2ms)[0m  [1m[34mSELECT `schema_migrations`.* FROM `schema_migrations`[0m
  [1m[35m (0.2ms)[0m  [1m[35mSHOW CREATE TABLE `makes`[0m
  [1m[35m (0.2ms)[0m  [1m[35mSHOW TABLE STATUS LIKE 'makes'[0m
  [1m[35m (0.2ms)[0m  [1m[35mSHOW CREATE TABLE `years`[0m
Started GET "/" for ::1 at 2017-01-25 10:15:38 -0800
  [1m[36mActiveRecord::SchemaMigration Load (0.2ms)[0m  [1m[34mSELECT `schema_migrations`.* FROM `schema_migrations`[0m
Processing by BrakesController#index as HTML
  Rendering brakes/index.html.erb within layouts/application
  Rendered brakes/index.html.erb within layouts/application (0.9ms)
Completed 500 Internal Server Error in 276ms (ActiveRecord: 0.0ms)


  
ActionView::Template::Error (couldn't find file 'turbolinks' with type 'application/javascript'
Checked in these paths: 
  /Users/pphan/workspace/brakes/app/assets/config
  /Users/pphan/workspace/brakes/app/assets/images
  /Users/pphan/workspace/brakes/app/assets/javascripts
  /Users/pphan/workspace/brakes/app/assets/stylesheets
  /Users/pphan/workspace/brakes/vendor/assets/javascripts
  /Users/pphan/workspace/brakes/vendor/assets/stylesheets
  /Users/pphan/.rvm/gems/ruby-2.3.3@brakes/gems/jquery-rails-4.2.2/vendor/assets/javascripts
  /Users/pphan/.rvm/gems/ruby-2.3.3@brakes/gems/actioncable-5.0.1/lib/assets/compiled):
    4:     <title>Brakes</title>
    5:     <%= csrf_meta_tags %>
    6: 
    7:     <%= stylesheet_link_tag    'application', media: 'all', 'data-turbolinks-track': 'reload' %>
    8:     <%= javascript_include_tag 'application', 'data-turbolinks-track': 'reload' %>
    9:   </head>
   10: 
  
app/assets/javascripts/application.js:15
app/views/layouts/application.html.erb:7:in `_app_views_layouts_application_html_erb__3379329049691644180_70232280198480'
  Rendering /Users/pphan/.rvm/gems/ruby-2.3.3@brakes/gems/actionpack-5.0.1/lib/action_dispatch/middleware/templates/rescues/template_error.html.erb within rescues/layout
  Rendering /Users/pphan/.rvm/gems/ruby-2.3.3@brakes/gems/actionpack-5.0.1/lib/action_dispatch/middleware/templates/rescues/_source.html.erb
  Rendered /Users/pphan/.rvm/gems/ruby-2.3.3@brakes/gems/actionpack-5.0.1/lib/action_dispatch/middleware/templates/rescues/_source.html.erb (6.0ms)
  Rendering /Users/pphan/.rvm/gems/ruby-2.3.3@brakes/gems/actionpack-5.0.1/lib/action_dispatch/middleware/templates/rescues/_trace.html.erb
  Rendered /Users/pphan/.rvm/gems/ruby-2.3.3@brakes/gems/actionpack-5.0.1/lib/action_dispatch/middleware/templates/rescues/_trace.html.erb (3.6ms)
  Rendering /Users/pphan/.rvm/gems/ruby-2.3.3@brakes/gems/actionpack-5.0.1/lib/action_dispatch/middleware/templates/rescues/_request_and_response.html.erb
  Rendered /Users/pphan/.rvm/gems/ruby-2.3.3@brakes/gems/actionpack-5.0.1/lib/action_dispatch/middleware/templates/rescues/_request_and_response.html.erb (0.9ms)
  Rendered /Users/pphan/.rvm/gems/ruby-2.3.3@brakes/gems/actionpack-5.0.1/lib/action_dispatch/middleware/templates/rescues/template_error.html.erb within rescues/layout (46.7ms)
Started GET "/" for ::1 at 2017-01-25 10:15:51 -0800
Processing by BrakesController#index as HTML
  Rendering brakes/index.html.erb within layouts/application
  Rendered brakes/index.html.erb within layouts/application (0.3ms)
Completed 200 OK in 306ms (Views: 304.7ms | ActiveRecord: 0.0ms)


  [1m[36mActiveRecord::SchemaMigration Load (0.3ms)[0m  [1m[34mSELECT `schema_migrations`.* FROM `schema_migrations`[0m
  [1m[35m (0.2ms)[0m  [1m[34mSELECT `ar_internal_metadata`.`value` FROM `ar_internal_metadata` WHERE `ar_internal_metadata`.`key` = 'environment'[0m
  [1m[36mActiveRecord::SchemaMigration Load (0.1ms)[0m  [1m[34mSELECT `schema_migrations`.* FROM `schema_migrations`[0m
  [1m[35m (0.1ms)[0m  [1m[34mSELECT `ar_internal_metadata`.`value` FROM `ar_internal_metadata` WHERE `ar_internal_metadata`.`key` = 'environment'[0m
  [1m[36mActiveRecord::SchemaMigration Load (0.1ms)[0m  [1m[34mSELECT `schema_migrations`.* FROM `schema_migrations`[0m
  [1m[35m (0.2ms)[0m  [1m[34mSELECT `ar_internal_metadata`.`value` FROM `ar_internal_metadata` WHERE `ar_internal_metadata`.`key` = 'environment'[0m
  [1m[35m (15.1ms)[0m  [1m[35mDROP DATABASE IF EXISTS `brakes_dev`[0m
  [1m[35m (19.5ms)[0m  [1m[35mCREATE TABLE `schema_migrations` (`version` varchar(255) PRIMARY KEY) ENGINE=InnoDB[0m
  [1m[35m (17.8ms)[0m  [1m[35mCREATE TABLE `ar_internal_metadata` (`key` varchar(255) PRIMARY KEY, `value` varchar(255), `created_at` datetime NOT NULL, `updated_at` datetime NOT NULL) ENGINE=InnoDB[0m
  [1m[35m (0.1ms)[0m  [1m[34mSELECT DATABASE() as db[0m
  [1m[35m (0.1ms)[0m  [1m[34mSELECT GET_LOCK('7929587608609798635', 0);[0m
  [1m[36mActiveRecord::SchemaMigration Load (0.3ms)[0m  [1m[34mSELECT `schema_migrations`.* FROM `schema_migrations`[0m
Migrating to CreateProducts (20170125181415)
  [1m[35m (0.2ms)[0m  [1m[34mSELECT RELEASE_LOCK('7929587608609798635')[0m
Started GET "/" for ::1 at 2017-01-25 10:39:27 -0800
  [1m[36mActiveRecord::SchemaMigration Load (0.3ms)[0m  [1m[34mSELECT `schema_migrations`.* FROM `schema_migrations`[0m
  
ActiveRecord::PendingMigrationError (

Migrations are pending. To resolve this issue, run:

        bin/rails db:migrate RAILS_ENV=development

):
  
activerecord (5.0.1) lib/active_record/migration.rb:573:in `check_pending!'
activerecord (5.0.1) lib/active_record/migration.rb:549:in `call'
actionpack (5.0.1) lib/action_dispatch/middleware/callbacks.rb:38:in `block in call'
activesupport (5.0.1) lib/active_support/callbacks.rb:97:in `__run_callbacks__'
activesupport (5.0.1) lib/active_support/callbacks.rb:750:in `_run_call_callbacks'
activesupport (5.0.1) lib/active_support/callbacks.rb:90:in `run_callbacks'
actionpack (5.0.1) lib/action_dispatch/middleware/callbacks.rb:36:in `call'
actionpack (5.0.1) lib/action_dispatch/middleware/executor.rb:12:in `call'
actionpack (5.0.1) lib/action_dispatch/middleware/remote_ip.rb:79:in `call'
actionpack (5.0.1) lib/action_dispatch/middleware/debug_exceptions.rb:49:in `call'
web-console (3.4.0) lib/web_console/middleware.rb:135:in `call_app'
web-console (3.4.0) lib/web_console/middleware.rb:28:in `block in call'
web-console (3.4.0) lib/web_console/middleware.rb:18:in `catch'
web-console (3.4.0) lib/web_console/middleware.rb:18:in `call'
actionpack (5.0.1) lib/action_dispatch/middleware/show_exceptions.rb:31:in `call'
railties (5.0.1) lib/rails/rack/logger.rb:36:in `call_app'
railties (5.0.1) lib/rails/rack/logger.rb:24:in `block in call'
activesupport (5.0.1) lib/active_support/tagged_logging.rb:69:in `block in tagged'
activesupport (5.0.1) lib/active_support/tagged_logging.rb:26:in `tagged'
activesupport (5.0.1) lib/active_support/tagged_logging.rb:69:in `tagged'
railties (5.0.1) lib/rails/rack/logger.rb:24:in `call'
sprockets-rails (3.2.0) lib/sprockets/rails/quiet_assets.rb:13:in `call'
actionpack (5.0.1) lib/action_dispatch/middleware/request_id.rb:24:in `call'
rack (2.0.1) lib/rack/method_override.rb:22:in `call'
rack (2.0.1) lib/rack/runtime.rb:22:in `call'
activesupport (5.0.1) lib/active_support/cache/strategy/local_cache_middleware.rb:28:in `call'
actionpack (5.0.1) lib/action_dispatch/middleware/executor.rb:12:in `call'
actionpack (5.0.1) lib/action_dispatch/middleware/static.rb:136:in `call'
rack (2.0.1) lib/rack/sendfile.rb:111:in `call'
railties (5.0.1) lib/rails/engine.rb:522:in `call'
rack (2.0.1) lib/rack/handler/webrick.rb:86:in `service'
/Users/pphan/.rvm/rubies/ruby-2.3.3/lib/ruby/2.3.0/webrick/httpserver.rb:140:in `service'
/Users/pphan/.rvm/rubies/ruby-2.3.3/lib/ruby/2.3.0/webrick/httpserver.rb:96:in `run'
/Users/pphan/.rvm/rubies/ruby-2.3.3/lib/ruby/2.3.0/webrick/server.rb:296:in `block in start_thread'
  Rendering /Users/pphan/.rvm/gems/ruby-2.3.3@brakes/gems/actionpack-5.0.1/lib/action_dispatch/middleware/templates/rescues/diagnostics.html.erb within rescues/layout
  Rendering /Users/pphan/.rvm/gems/ruby-2.3.3@brakes/gems/actionpack-5.0.1/lib/action_dispatch/middleware/templates/rescues/_source.html.erb
  Rendered /Users/pphan/.rvm/gems/ruby-2.3.3@brakes/gems/actionpack-5.0.1/lib/action_dispatch/middleware/templates/rescues/_source.html.erb (2.5ms)
  Rendering /Users/pphan/.rvm/gems/ruby-2.3.3@brakes/gems/actionpack-5.0.1/lib/action_dispatch/middleware/templates/rescues/_trace.html.erb
  Rendered /Users/pphan/.rvm/gems/ruby-2.3.3@brakes/gems/actionpack-5.0.1/lib/action_dispatch/middleware/templates/rescues/_trace.html.erb (1.3ms)
  Rendering /Users/pphan/.rvm/gems/ruby-2.3.3@brakes/gems/actionpack-5.0.1/lib/action_dispatch/middleware/templates/rescues/_request_and_response.html.erb
  Rendered /Users/pphan/.rvm/gems/ruby-2.3.3@brakes/gems/actionpack-5.0.1/lib/action_dispatch/middleware/templates/rescues/_request_and_response.html.erb (0.8ms)
  Rendered /Users/pphan/.rvm/gems/ruby-2.3.3@brakes/gems/actionpack-5.0.1/lib/action_dispatch/middleware/templates/rescues/diagnostics.html.erb within rescues/layout (44.3ms)
  [1m[35m (0.1ms)[0m  [1m[34mSELECT DATABASE() as db[0m
  [1m[35m (0.1ms)[0m  [1m[34mSELECT GET_LOCK('7929587608609798635', 0);[0m
  [1m[36mActiveRecord::SchemaMigration Load (0.3ms)[0m  [1m[34mSELECT `schema_migrations`.* FROM `schema_migrations`[0m
Migrating to CreateProducts (20170125181415)
  [1m[35m (25.7ms)[0m  [1m[35mCREATE TABLE `products` (`id` int AUTO_INCREMENT PRIMARY KEY, `year` int NOT NULL, `make` varchar(255) NOT NULL, `model` varchar(255) NOT NULL, `submodel` varchar(255) NOT NULL, `cat` varchar(255), `subcat` varchar(255), `brand_id` varchar(255), `rotor_set` varchar(255), `rotor_color` varchar(255), `brand` varchar(255), `position` varchar(255), `padtype` varchar(255), `product_name` varchar(255) NOT NULL, `description` text, `price` float, `prefix` varchar(255), `created_at` datetime NOT NULL, `updated_at` datetime NOT NULL) ENGINE=InnoDB[0m
  [1m[35m (0.1ms)[0m  [1m[35mBEGIN[0m
  [1m[35mSQL (0.2ms)[0m  [1m[32mINSERT INTO `schema_migrations` (`version`) VALUES ('20170125181415')[0m
  [1m[35m (0.3ms)[0m  [1m[35mCOMMIT[0m
  [1m[36mActiveRecord::InternalMetadata Load (0.2ms)[0m  [1m[34mSELECT  `ar_internal_metadata`.* FROM `ar_internal_metadata` WHERE `ar_internal_metadata`.`key` = 'environment' LIMIT 1[0m
  [1m[35m (0.1ms)[0m  [1m[35mBEGIN[0m
  [1m[35mSQL (0.2ms)[0m  [1m[32mINSERT INTO `ar_internal_metadata` (`key`, `value`, `created_at`, `updated_at`) VALUES ('environment', 'development', '2017-01-25 18:39:42', '2017-01-25 18:39:42')[0m
  [1m[35m (0.3ms)[0m  [1m[35mCOMMIT[0m
  [1m[35m (0.2ms)[0m  [1m[34mSELECT RELEASE_LOCK('7929587608609798635')[0m
  [1m[36mActiveRecord::SchemaMigration Load (0.1ms)[0m  [1m[34mSELECT `schema_migrations`.* FROM `schema_migrations`[0m
  [1m[35m (0.2ms)[0m  [1m[35mSHOW CREATE TABLE `products`[0m
  [1m[35m (0.2ms)[0m  [1m[35mSHOW TABLE STATUS LIKE 'products'[0m
  [1m[35m (0.1ms)[0m  [1m[34mSELECT DATABASE() as db[0m
  [1m[35m (0.1ms)[0m  [1m[34mSELECT GET_LOCK('7929587608609798635', 0);[0m
  [1m[36mActiveRecord::SchemaMigration Load (0.2ms)[0m  [1m[34mSELECT `schema_migrations`.* FROM `schema_migrations`[0m
  [1m[36mActiveRecord::InternalMetadata Load (0.2ms)[0m  [1m[34mSELECT  `ar_internal_metadata`.* FROM `ar_internal_metadata` WHERE `ar_internal_metadata`.`key` = 'environment' LIMIT 1[0m
  [1m[35m (0.1ms)[0m  [1m[35mBEGIN[0m
  [1m[35m (0.1ms)[0m  [1m[35mCOMMIT[0m
  [1m[35m (0.1ms)[0m  [1m[34mSELECT RELEASE_LOCK('7929587608609798635')[0m
  [1m[36mActiveRecord::SchemaMigration Load (0.2ms)[0m  [1m[34mSELECT `schema_migrations`.* FROM `schema_migrations`[0m
  [1m[35m (0.2ms)[0m  [1m[35mSHOW CREATE TABLE `products`[0m
  [1m[35m (0.2ms)[0m  [1m[35mSHOW TABLE STATUS LIKE 'products'[0m
Started GET "/" for ::1 at 2017-01-25 10:39:51 -0800
  [1m[36mActiveRecord::SchemaMigration Load (0.3ms)[0m  [1m[34mSELECT `schema_migrations`.* FROM `schema_migrations`[0m
Processing by BrakesController#index as HTML
  Rendering brakes/index.html.erb within layouts/application
  Rendered brakes/index.html.erb within layouts/application (1.2ms)
Completed 200 OK in 236ms (Views: 234.9ms | ActiveRecord: 0.0ms)


Started GET "/" for ::1 at 2017-01-25 10:41:26 -0800
Processing by BrakesController#index as HTML
  Rendering brakes/index.html.erb within layouts/application
  Rendered brakes/index.html.erb within layouts/application (2.9ms)
Completed 500 Internal Server Error in 8ms (ActiveRecord: 0.0ms)


  
ActionView::Template::Error (undefined method `each' for nil:NilClass):
    10:     </tr>
    11:   </thead>
    12:   <tbody>
    13:     <% @brakes.each do |brake| %>
    14:       <tr>
    15:         <td><%= brake.year %></td>
    16:         <td><%= brake.year %></td>
  
app/views/brakes/index.html.erb:13:in `_app_views_brakes_index_html_erb___449536794396362564_70366634241440'
  Rendering /Users/pphan/.rvm/gems/ruby-2.3.3@brakes/gems/actionpack-5.0.1/lib/action_dispatch/middleware/templates/rescues/template_error.html.erb within rescues/layout
  Rendering /Users/pphan/.rvm/gems/ruby-2.3.3@brakes/gems/actionpack-5.0.1/lib/action_dispatch/middleware/templates/rescues/_source.html.erb
  Rendered /Users/pphan/.rvm/gems/ruby-2.3.3@brakes/gems/actionpack-5.0.1/lib/action_dispatch/middleware/templates/rescues/_source.html.erb (2.9ms)
  Rendering /Users/pphan/.rvm/gems/ruby-2.3.3@brakes/gems/actionpack-5.0.1/lib/action_dispatch/middleware/templates/rescues/_trace.html.erb
  Rendered /Users/pphan/.rvm/gems/ruby-2.3.3@brakes/gems/actionpack-5.0.1/lib/action_dispatch/middleware/templates/rescues/_trace.html.erb (1.5ms)
  Rendering /Users/pphan/.rvm/gems/ruby-2.3.3@brakes/gems/actionpack-5.0.1/lib/action_dispatch/middleware/templates/rescues/_request_and_response.html.erb
  Rendered /Users/pphan/.rvm/gems/ruby-2.3.3@brakes/gems/actionpack-5.0.1/lib/action_dispatch/middleware/templates/rescues/_request_and_response.html.erb (1.1ms)
  Rendered /Users/pphan/.rvm/gems/ruby-2.3.3@brakes/gems/actionpack-5.0.1/lib/action_dispatch/middleware/templates/rescues/template_error.html.erb within rescues/layout (41.4ms)
Started GET "/" for ::1 at 2017-01-25 10:41:40 -0800
Processing by BrakesController#index as HTML
  Rendering brakes/index.html.erb within layouts/application
  [1m[36mProduct Load (0.3ms)[0m  [1m[34mSELECT `products`.* FROM `products`[0m
  Rendered brakes/index.html.erb within layouts/application (2.5ms)
Completed 200 OK in 18ms (Views: 15.1ms | ActiveRecord: 0.6ms)


Started GET "/" for 127.0.0.1 at 2017-02-04 19:52:56 -0800
  [1m[36mActiveRecord::SchemaMigration Load (4.9ms)[0m  [1m[34mSELECT `schema_migrations`.* FROM `schema_migrations`[0m
Processing by BrakesController#index as HTML
  Rendering brakes/index.html.erb within layouts/application
  [1m[36mProduct Load (1.9ms)[0m  [1m[34mSELECT `products`.* FROM `products`[0m
  Rendered brakes/index.html.erb within layouts/application (8.6ms)
Completed 200 OK in 246ms (Views: 241.1ms | ActiveRecord: 2.3ms)


Started GET "/" for 127.0.0.1 at 2017-02-04 19:52:58 -0800
Processing by BrakesController#index as HTML
  Rendering brakes/index.html.erb within layouts/application
  [1m[36mProduct Load (0.2ms)[0m  [1m[34mSELECT `products`.* FROM `products`[0m
  Rendered brakes/index.html.erb within layouts/application (1.1ms)
Completed 200 OK in 12ms (Views: 11.3ms | ActiveRecord: 0.2ms)


Started GET "/gather_brake_data" for 127.0.0.1 at 2017-02-04 19:53:02 -0800
Processing by BrakesController#gather_brake_data as HTML
Completed 500 Internal Server Error in 1876ms (ActiveRecord: 0.0ms)


  
TypeError (no implicit conversion of String into Integer):
  
app/controllers/brakes_controller.rb:50:in `[]='
app/controllers/brakes_controller.rb:50:in `block (3 levels) in gather_brake_data'
app/controllers/brakes_controller.rb:43:in `each'
app/controllers/brakes_controller.rb:43:in `block (2 levels) in gather_brake_data'
app/controllers/brakes_controller.rb:33:in `each'
app/controllers/brakes_controller.rb:33:in `block in gather_brake_data'
app/controllers/brakes_controller.rb:26:in `each'
app/controllers/brakes_controller.rb:26:in `gather_brake_data'
  Rendering /Users/pphan/.rvm/gems/ruby-2.3.3@brakes/gems/actionpack-5.0.1/lib/action_dispatch/middleware/templates/rescues/diagnostics.html.erb within rescues/layout
  Rendering /Users/pphan/.rvm/gems/ruby-2.3.3@brakes/gems/actionpack-5.0.1/lib/action_dispatch/middleware/templates/rescues/_source.html.erb
  Rendered /Users/pphan/.rvm/gems/ruby-2.3.3@brakes/gems/actionpack-5.0.1/lib/action_dispatch/middleware/templates/rescues/_source.html.erb (2.6ms)
  Rendering /Users/pphan/.rvm/gems/ruby-2.3.3@brakes/gems/actionpack-5.0.1/lib/action_dispatch/middleware/templates/rescues/_trace.html.erb
  Rendered /Users/pphan/.rvm/gems/ruby-2.3.3@brakes/gems/actionpack-5.0.1/lib/action_dispatch/middleware/templates/rescues/_trace.html.erb (1.4ms)
  Rendering /Users/pphan/.rvm/gems/ruby-2.3.3@brakes/gems/actionpack-5.0.1/lib/action_dispatch/middleware/templates/rescues/_request_and_response.html.erb
  Rendered /Users/pphan/.rvm/gems/ruby-2.3.3@brakes/gems/actionpack-5.0.1/lib/action_dispatch/middleware/templates/rescues/_request_and_response.html.erb (0.7ms)
  Rendered /Users/pphan/.rvm/gems/ruby-2.3.3@brakes/gems/actionpack-5.0.1/lib/action_dispatch/middleware/templates/rescues/diagnostics.html.erb within rescues/layout (42.0ms)
Started PUT "/__web_console/repl_sessions/776803921eebf80117bfb729dbae2af7" for 127.0.0.1 at 2017-02-04 19:53:12 -0800
Started PUT "/__web_console/repl_sessions/776803921eebf80117bfb729dbae2af7" for 127.0.0.1 at 2017-02-04 19:53:13 -0800
Started GET "/" for 127.0.0.1 at 2017-02-04 19:54:28 -0800
Processing by BrakesController#index as HTML
  Rendering brakes/index.html.erb within layouts/application
  [1m[36mProduct Load (0.3ms)[0m  [1m[34mSELECT `products`.* FROM `products`[0m
  Rendered brakes/index.html.erb within layouts/application (1.6ms)
Completed 200 OK in 49ms (Views: 46.2ms | ActiveRecord: 0.3ms)


Started GET "/gather_brake_data" for 127.0.0.1 at 2017-02-04 19:54:30 -0800
Processing by BrakesController#gather_brake_data as HTML
  [1m[36mProduct Load (0.8ms)[0m  [1m[34mSELECT  `products`.* FROM `products` WHERE `products`.`year` = 2016 AND `products`.`make` = 'Acura' AND `products`.`model` = 'RDX' AND `products`.`submodel` = 'All' AND `products`.`product_name` = 'n/a' LIMIT 1[0m
  [1m[35m (0.2ms)[0m  [1m[35mBEGIN[0m
  [1m[35mSQL (2.9ms)[0m  [1m[32mINSERT INTO `products` (`year`, `make`, `model`, `submodel`, `product_name`, `created_at`, `updated_at`) VALUES (2016, 'Acura', 'RDX', 'All', 'n/a', '2017-02-05 03:54:41', '2017-02-05 03:54:41')[0m
  [1m[35m (0.3ms)[0m  [1m[35mCOMMIT[0m
  [1m[36mProduct Load (0.3ms)[0m  [1m[34mSELECT  `products`.* FROM `products` WHERE `products`.`year` = 2016 AND `products`.`make` = 'Cadillac' AND `products`.`model` = 'Escalade' AND `products`.`submodel` = '3.6R Wagon 4-Door' AND `products`.`product_name` = 'n/a' LIMIT 1[0m
  [1m[35m (0.1ms)[0m  [1m[35mBEGIN[0m
  [1m[35mSQL (0.2ms)[0m  [1m[32mINSERT INTO `products` (`year`, `make`, `model`, `submodel`, `product_name`, `created_at`, `updated_at`) VALUES (2016, 'Cadillac', 'Escalade', '3.6R Wagon 4-Door', 'n/a', '2017-02-05 03:54:41', '2017-02-05 03:54:41')[0m
  [1m[35m (0.2ms)[0m  [1m[35mCOMMIT[0m
  [1m[36mProduct Load (0.3ms)[0m  [1m[34mSELECT  `products`.* FROM `products` WHERE `products`.`year` = 2016 AND `products`.`make` = 'Cadillac' AND `products`.`model` = 'SRX' AND `products`.`submodel` = '4.6L 4627CC V8 GAS DOHC Naturally Aspirated' AND `products`.`product_name` = 'n/a' LIMIT 1[0m
  [1m[35m (0.1ms)[0m  [1m[35mBEGIN[0m
  [1m[35mSQL (0.2ms)[0m  [1m[32mINSERT INTO `products` (`year`, `make`, `model`, `submodel`, `product_name`, `created_at`, `updated_at`) VALUES (2016, 'Cadillac', 'SRX', '4.6L 4627CC V8 GAS DOHC Naturally Aspirated', 'n/a', '2017-02-05 03:54:41', '2017-02-05 03:54:41')[0m
  [1m[35m (0.2ms)[0m  [1m[35mCOMMIT[0m
  [1m[36mProduct Load (0.2ms)[0m  [1m[34mSELECT  `products`.* FROM `products` WHERE `products`.`year` = 2016 AND `products`.`make` = 'Ford' AND `products`.`model` = 'Expedition' AND `products`.`submodel` = 'All' AND `products`.`product_name` = 'n/a' LIMIT 1[0m
  [1m[35m (0.1ms)[0m  [1m[35mBEGIN[0m
  [1m[35mSQL (0.2ms)[0m  [1m[32mINSERT INTO `products` (`year`, `make`, `model`, `submodel`, `product_name`, `created_at`, `updated_at`) VALUES (2016, 'Ford', 'Expedition', 'All', 'n/a', '2017-02-05 03:54:41', '2017-02-05 03:54:41')[0m
  [1m[35m (0.2ms)[0m  [1m[35mCOMMIT[0m
  [1m[36mProduct Load (0.2ms)[0m  [1m[34mSELECT  `products`.* FROM `products` WHERE `products`.`year` = 2016 AND `products`.`make` = 'Ford' AND `products`.`model` = 'Explorer' AND `products`.`submodel` = 'All' AND `products`.`product_name` = 'n/a' LIMIT 1[0m
  [1m[35m (0.1ms)[0m  [1m[35mBEGIN[0m
  [1m[35mSQL (0.2ms)[0m  [1m[32mINSERT INTO `products` (`year`, `make`, `model`, `submodel`, `product_name`, `created_at`, `updated_at`) VALUES (2016, 'Ford', 'Explorer', 'All', 'n/a', '2017-02-05 03:54:41', '2017-02-05 03:54:41')[0m
  [1m[35m (0.2ms)[0m  [1m[35mCOMMIT[0m
  [1m[36mProduct Load (0.2ms)[0m  [1m[34mSELECT  `products`.* FROM `products` WHERE `products`.`year` = 2016 AND `products`.`make` = 'Ford' AND `products`.`model` = 'Explorer' AND `products`.`submodel` = 'XLT Sport Utility 4-Door' AND `products`.`product_name` = 'n/a' LIMIT 1[0m
  [1m[35m (0.2ms)[0m  [1m[35mBEGIN[0m
  [1m[35mSQL (0.2ms)[0m  [1m[32mINSERT INTO `products` (`year`, `make`, `model`, `submodel`, `product_name`, `created_at`, `updated_at`) VALUES (2016, 'Ford', 'Explorer', 'XLT Sport Utility 4-Door', 'n/a', '2017-02-05 03:54:41', '2017-02-05 03:54:41')[0m
  [1m[35m (0.3ms)[0m  [1m[35mCOMMIT[0m
  [1m[36mProduct Load (0.2ms)[0m  [1m[34mSELECT  `products`.* FROM `products` WHERE `products`.`year` = 2016 AND `products`.`make` = 'Ford' AND `products`.`model` = 'Explorer' AND `products`.`submodel` = 'Sport Sport Utility 4-Door' AND `products`.`product_name` = 'n/a' LIMIT 1[0m
  [1m[35m (0.1ms)[0m  [1m[35mBEGIN[0m
  [1m[35mSQL (0.2ms)[0m  [1m[32mINSERT INTO `products` (`year`, `make`, `model`, `submodel`, `product_name`, `created_at`, `updated_at`) VALUES (2016, 'Ford', 'Explorer', 'Sport Sport Utility 4-Door', 'n/a', '2017-02-05 03:54:41', '2017-02-05 03:54:41')[0m
  [1m[35m (0.2ms)[0m  [1m[35mCOMMIT[0m
  [1m[36mProduct Load (0.2ms)[0m  [1m[34mSELECT  `products`.* FROM `products` WHERE `products`.`year` = 2016 AND `products`.`make` = 'Ford' AND `products`.`model` = 'Explorer' AND `products`.`submodel` = 'Platinum Sport Utility 4-Door' AND `products`.`product_name` = 'n/a' LIMIT 1[0m
  [1m[35m (0.1ms)[0m  [1m[35mBEGIN[0m
  [1m[35mSQL (0.2ms)[0m  [1m[32mINSERT INTO `products` (`year`, `make`, `model`, `submodel`, `product_name`, `created_at`, `updated_at`) VALUES (2016, 'Ford', 'Explorer', 'Platinum Sport Utility 4-Door', 'n/a', '2017-02-05 03:54:41', '2017-02-05 03:54:41')[0m
  [1m[35m (0.2ms)[0m  [1m[35mCOMMIT[0m
  [1m[36mProduct Load (0.2ms)[0m  [1m[34mSELECT  `products`.* FROM `products` WHERE `products`.`year` = 2016 AND `products`.`make` = 'Ford' AND `products`.`model` = 'Explorer' AND `products`.`submodel` = 'Limited Sport Utility 4-Door' AND `products`.`product_name` = 'n/a' LIMIT 1[0m
  [1m[35m (0.1ms)[0m  [1m[35mBEGIN[0m
  [1m[35mSQL (0.2ms)[0m  [1m[32mINSERT INTO `products` (`year`, `make`, `model`, `submodel`, `product_name`, `created_at`, `updated_at`) VALUES (2016, 'Ford', 'Explorer', 'Limited Sport Utility 4-Door', 'n/a', '2017-02-05 03:54:41', '2017-02-05 03:54:41')[0m
  [1m[35m (0.2ms)[0m  [1m[35mCOMMIT[0m
  [1m[36mProduct Load (0.2ms)[0m  [1m[34mSELECT  `products`.* FROM `products` WHERE `products`.`year` = 2016 AND `products`.`make` = 'Ford' AND `products`.`model` = 'Explorer' AND `products`.`submodel` = 'Base Sport Utility 4-Door' AND `products`.`product_name` = 'n/a' LIMIT 1[0m
  [1m[35m (0.1ms)[0m  [1m[35mBEGIN[0m
  [1m[35mSQL (0.2ms)[0m  [1m[32mINSERT INTO `products` (`year`, `make`, `model`, `submodel`, `product_name`, `created_at`, `updated_at`) VALUES (2016, 'Ford', 'Explorer', 'Base Sport Utility 4-Door', 'n/a', '2017-02-05 03:54:41', '2017-02-05 03:54:41')[0m
  [1m[35m (0.3ms)[0m  [1m[35mCOMMIT[0m
  [1m[36mProduct Load (0.2ms)[0m  [1m[34mSELECT  `products`.* FROM `products` WHERE `products`.`year` = 2016 AND `products`.`make` = 'Freightliner' AND `products`.`model` = 'Sprinter 2500' AND `products`.`submodel` = 'All' AND `products`.`product_name` = 'n/a' LIMIT 1[0m
  [1m[35m (0.1ms)[0m  [1m[35mBEGIN[0m
  [1m[35mSQL (0.2ms)[0m  [1m[32mINSERT INTO `products` (`year`, `make`, `model`, `submodel`, `product_name`, `created_at`, `updated_at`) VALUES (2016, 'Freightliner', 'Sprinter 2500', 'All', 'n/a', '2017-02-05 03:54:41', '2017-02-05 03:54:41')[0m
  [1m[35m (0.3ms)[0m  [1m[35mCOMMIT[0m
  [1m[36mProduct Load (0.2ms)[0m  [1m[34mSELECT  `products`.* FROM `products` WHERE `products`.`year` = 2016 AND `products`.`make` = 'Freightliner' AND `products`.`model` = 'Sprinter 3500' AND `products`.`submodel` = 'All' AND `products`.`product_name` = 'n/a' LIMIT 1[0m
  [1m[35m (0.1ms)[0m  [1m[35mBEGIN[0m
  [1m[35mSQL (0.2ms)[0m  [1m[32mINSERT INTO `products` (`year`, `make`, `model`, `submodel`, `product_name`, `created_at`, `updated_at`) VALUES (2016, 'Freightliner', 'Sprinter 3500', 'All', 'n/a', '2017-02-05 03:54:41', '2017-02-05 03:54:41')[0m
  [1m[35m (0.3ms)[0m  [1m[35mCOMMIT[0m
  [1m[36mProduct Load (0.3ms)[0m  [1m[34mSELECT  `products`.* FROM `products` WHERE `products`.`year` = 2016 AND `products`.`make` = 'Hyundai' AND `products`.`model` = 'Elantra GT' AND `products`.`submodel` = 'All' AND `products`.`product_name` = 'n/a' LIMIT 1[0m
  [1m[35m (0.1ms)[0m  [1m[35mBEGIN[0m
  [1m[35mSQL (0.2ms)[0m  [1m[32mINSERT INTO `products` (`year`, `make`, `model`, `submodel`, `product_name`, `created_at`, `updated_at`) VALUES (2016, 'Hyundai', 'Elantra GT', 'All', 'n/a', '2017-02-05 03:54:41', '2017-02-05 03:54:41')[0m
  [1m[35m (0.2ms)[0m  [1m[35mCOMMIT[0m
  [1m[36mProduct Load (0.2ms)[0m  [1m[34mSELECT  `products`.* FROM `products` WHERE `products`.`year` = 2016 AND `products`.`make` = 'Hyundai' AND `products`.`model` = 'Elantra GT' AND `products`.`submodel` = 'Limited Hatchback 4-Door' AND `products`.`product_name` = 'n/a' LIMIT 1[0m
  [1m[35m (0.1ms)[0m  [1m[35mBEGIN[0m
  [1m[35mSQL (0.2ms)[0m  [1m[32mINSERT INTO `products` (`year`, `make`, `model`, `submodel`, `product_name`, `created_at`, `updated_at`) VALUES (2016, 'Hyundai', 'Elantra GT', 'Limited Hatchback 4-Door', 'n/a', '2017-02-05 03:54:41', '2017-02-05 03:54:41')[0m
  [1m[35m (0.3ms)[0m  [1m[35mCOMMIT[0m
  [1m[36mProduct Load (0.2ms)[0m  [1m[34mSELECT  `products`.* FROM `products` WHERE `products`.`year` = 2016 AND `products`.`make` = 'Hyundai' AND `products`.`model` = 'Elantra GT' AND `products`.`submodel` = 'L Hatchback 4-Door' AND `products`.`product_name` = 'n/a' LIMIT 1[0m
  [1m[35m (0.1ms)[0m  [1m[35mBEGIN[0m
  [1m[35mSQL (0.2ms)[0m  [1m[32mINSERT INTO `products` (`year`, `make`, `model`, `submodel`, `product_name`, `created_at`, `updated_at`) VALUES (2016, 'Hyundai', 'Elantra GT', 'L Hatchback 4-Door', 'n/a', '2017-02-05 03:54:41', '2017-02-05 03:54:41')[0m
  [1m[35m (0.2ms)[0m  [1m[35mCOMMIT[0m
  [1m[36mProduct Load (0.2ms)[0m  [1m[34mSELECT  `products`.* FROM `products` WHERE `products`.`year` = 2016 AND `products`.`make` = 'Hyundai' AND `products`.`model` = 'Elantra GT' AND `products`.`submodel` = 'GLS Hatchback 4-Door' AND `products`.`product_name` = 'n/a' LIMIT 1[0m
  [1m[35m (0.1ms)[0m  [1m[35mBEGIN[0m
  [1m[35mSQL (0.2ms)[0m  [1m[32mINSERT INTO `products` (`year`, `make`, `model`, `submodel`, `product_name`, `created_at`, `updated_at`) VALUES (2016, 'Hyundai', 'Elantra GT', 'GLS Hatchback 4-Door', 'n/a', '2017-02-05 03:54:41', '2017-02-05 03:54:41')[0m
  [1m[35m (0.3ms)[0m  [1m[35mCOMMIT[0m
  [1m[36mProduct Load (0.2ms)[0m  [1m[34mSELECT  `products`.* FROM `products` WHERE `products`.`year` = 2016 AND `products`.`make` = 'Hyundai' AND `products`.`model` = 'Elantra GT' AND `products`.`submodel` = 'GL Hatchback 4-Door' AND `products`.`product_name` = 'n/a' LIMIT 1[0m
  [1m[35m (0.1ms)[0m  [1m[35mBEGIN[0m
  [1m[35mSQL (0.2ms)[0m  [1m[32mINSERT INTO `products` (`year`, `make`, `model`, `submodel`, `product_name`, `created_at`, `updated_at`) VALUES (2016, 'Hyundai', 'Elantra GT', 'GL Hatchback 4-Door', 'n/a', '2017-02-05 03:54:41', '2017-02-05 03:54:41')[0m
  [1m[35m (0.2ms)[0m  [1m[35mCOMMIT[0m
  [1m[36mProduct Load (0.2ms)[0m  [1m[34mSELECT  `products`.* FROM `products` WHERE `products`.`year` = 2016 AND `products`.`make` = 'Hyundai' AND `products`.`model` = 'Elantra GT' AND `products`.`submodel` = 'Base Hatchback 4-Door' AND `products`.`product_name` = 'n/a' LIMIT 1[0m
  [1m[35m (0.1ms)[0m  [1m[35mBEGIN[0m
  [1m[35mSQL (0.2ms)[0m  [1m[32mINSERT INTO `products` (`year`, `make`, `model`, `submodel`, `product_name`, `created_at`, `updated_at`) VALUES (2016, 'Hyundai', 'Elantra GT', 'Base Hatchback 4-Door', 'n/a', '2017-02-05 03:54:41', '2017-02-05 03:54:41')[0m
  [1m[35m (0.3ms)[0m  [1m[35mCOMMIT[0m
  [1m[36mProduct Load (0.2ms)[0m  [1m[34mSELECT  `products`.* FROM `products` WHERE `products`.`year` = 2016 AND `products`.`make` = 'Kia' AND `products`.`model` = 'Cadenza' AND `products`.`submodel` = 'All' AND `products`.`product_name` = 'n/a' LIMIT 1[0m
  [1m[35m (0.1ms)[0m  [1m[35mBEGIN[0m
  [1m[35mSQL (0.1ms)[0m  [1m[32mINSERT INTO `products` (`year`, `make`, `model`, `submodel`, `product_name`, `created_at`, `updated_at`) VALUES (2016, 'Kia', 'Cadenza', 'All', 'n/a', '2017-02-05 03:54:41', '2017-02-05 03:54:41')[0m
  [1m[35m (0.2ms)[0m  [1m[35mCOMMIT[0m
  [1m[36mProduct Load (0.2ms)[0m  [1m[34mSELECT  `products`.* FROM `products` WHERE `products`.`year` = 2016 AND `products`.`make` = 'Kia' AND `products`.`model` = 'Cadenza' AND `products`.`submodel` = 'Premium' AND `products`.`product_name` = 'n/a' LIMIT 1[0m
  [1m[35m (0.1ms)[0m  [1m[35mBEGIN[0m
  [1m[35mSQL (0.2ms)[0m  [1m[32mINSERT INTO `products` (`year`, `make`, `model`, `submodel`, `product_name`, `created_at`, `updated_at`) VALUES (2016, 'Kia', 'Cadenza', 'Premium', 'n/a', '2017-02-05 03:54:41', '2017-02-05 03:54:41')[0m
  [1m[35m (0.3ms)[0m  [1m[35mCOMMIT[0m
  [1m[36mProduct Load (0.3ms)[0m  [1m[34mSELECT  `products`.* FROM `products` WHERE `products`.`year` = 2016 AND `products`.`make` = 'Kia' AND `products`.`model` = 'Cadenza' AND `products`.`submodel` = 'Limited' AND `products`.`product_name` = 'n/a' LIMIT 1[0m
  [1m[35m (0.1ms)[0m  [1m[35mBEGIN[0m
  [1m[35mSQL (0.2ms)[0m  [1m[32mINSERT INTO `products` (`year`, `make`, `model`, `submodel`, `product_name`, `created_at`, `updated_at`) VALUES (2016, 'Kia', 'Cadenza', 'Limited', 'n/a', '2017-02-05 03:54:41', '2017-02-05 03:54:41')[0m
  [1m[35m (0.2ms)[0m  [1m[35mCOMMIT[0m
  [1m[36mProduct Load (0.2ms)[0m  [1m[34mSELECT  `products`.* FROM `products` WHERE `products`.`year` = 2016 AND `products`.`make` = 'Kia' AND `products`.`model` = 'Sedona' AND `products`.`submodel` = 'All' AND `products`.`product_name` = 'n/a' LIMIT 1[0m
  [1m[35m (0.1ms)[0m  [1m[35mBEGIN[0m
  [1m[35mSQL (0.2ms)[0m  [1m[32mINSERT INTO `products` (`year`, `make`, `model`, `submodel`, `product_name`, `created_at`, `updated_at`) VALUES (2016, 'Kia', 'Sedona', 'All', 'n/a', '2017-02-05 03:54:41', '2017-02-05 03:54:41')[0m
  [1m[35m (0.2ms)[0m  [1m[35mCOMMIT[0m
  [1m[36mProduct Load (0.2ms)[0m  [1m[34mSELECT  `products`.* FROM `products` WHERE `products`.`year` = 2016 AND `products`.`make` = 'Kia' AND `products`.`model` = 'Sedona' AND `products`.`submodel` = 'SXL Mini Passenger Van 4-Door' AND `products`.`product_name` = 'n/a' LIMIT 1[0m
  [1m[35m (0.1ms)[0m  [1m[35mBEGIN[0m
  [1m[35mSQL (0.2ms)[0m  [1m[32mINSERT INTO `products` (`year`, `make`, `model`, `submodel`, `product_name`, `created_at`, `updated_at`) VALUES (2016, 'Kia', 'Sedona', 'SXL Mini Passenger Van 4-Door', 'n/a', '2017-02-05 03:54:41', '2017-02-05 03:54:41')[0m
  [1m[35m (0.3ms)[0m  [1m[35mCOMMIT[0m
  [1m[36mProduct Load (0.3ms)[0m  [1m[34mSELECT  `products`.* FROM `products` WHERE `products`.`year` = 2016 AND `products`.`make` = 'Kia' AND `products`.`model` = 'Sedona' AND `products`.`submodel` = 'SX Mini Passenger Van 4-Door' AND `products`.`product_name` = 'n/a' LIMIT 1[0m
  [1m[35m (0.2ms)[0m  [1m[35mBEGIN[0m
  [1m[35mSQL (0.2ms)[0m  [1m[32mINSERT INTO `products` (`year`, `make`, `model`, `submodel`, `product_name`, `created_at`, `updated_at`) VALUES (2016, 'Kia', 'Sedona', 'SX Mini Passenger Van 4-Door', 'n/a', '2017-02-05 03:54:41', '2017-02-05 03:54:41')[0m
  [1m[35m (0.2ms)[0m  [1m[35mCOMMIT[0m
  [1m[36mProduct Load (0.2ms)[0m  [1m[34mSELECT  `products`.* FROM `products` WHERE `products`.`year` = 2016 AND `products`.`make` = 'Kia' AND `products`.`model` = 'Sedona' AND `products`.`submodel` = 'LX Mini Passenger Van 4-Door' AND `products`.`product_name` = 'n/a' LIMIT 1[0m
  [1m[35m (0.1ms)[0m  [1m[35mBEGIN[0m
  [1m[35mSQL (0.2ms)[0m  [1m[32mINSERT INTO `products` (`year`, `make`, `model`, `submodel`, `product_name`, `created_at`, `updated_at`) VALUES (2016, 'Kia', 'Sedona', 'LX Mini Passenger Van 4-Door', 'n/a', '2017-02-05 03:54:41', '2017-02-05 03:54:41')[0m
  [1m[35m (0.3ms)[0m  [1m[35mCOMMIT[0m
  [1m[36mProduct Load (0.2ms)[0m  [1m[34mSELECT  `products`.* FROM `products` WHERE `products`.`year` = 2016 AND `products`.`make` = 'Kia' AND `products`.`model` = 'Sedona' AND `products`.`submodel` = 'L Mini Passenger Van 4-Door' AND `products`.`product_name` = 'n/a' LIMIT 1[0m
  [1m[35m (0.1ms)[0m  [1m[35mBEGIN[0m
  [1m[35mSQL (0.2ms)[0m  [1m[32mINSERT INTO `products` (`year`, `make`, `model`, `submodel`, `product_name`, `created_at`, `updated_at`) VALUES (2016, 'Kia', 'Sedona', 'L Mini Passenger Van 4-Door', 'n/a', '2017-02-05 03:54:41', '2017-02-05 03:54:41')[0m
  [1m[35m (0.2ms)[0m  [1m[35mCOMMIT[0m
  [1m[36mProduct Load (0.2ms)[0m  [1m[34mSELECT  `products`.* FROM `products` WHERE `products`.`year` = 2016 AND `products`.`make` = 'Kia' AND `products`.`model` = 'Sedona' AND `products`.`submodel` = 'EX Mini Passenger Van 4-Door' AND `products`.`product_name` = 'n/a' LIMIT 1[0m
  [1m[35m (0.1ms)[0m  [1m[35mBEGIN[0m
  [1m[35mSQL (0.1ms)[0m  [1m[32mINSERT INTO `products` (`year`, `make`, `model`, `submodel`, `product_name`, `created_at`, `updated_at`) VALUES (2016, 'Kia', 'Sedona', 'EX Mini Passenger Van 4-Door', 'n/a', '2017-02-05 03:54:41', '2017-02-05 03:54:41')[0m
  [1m[35m (0.2ms)[0m  [1m[35mCOMMIT[0m
  [1m[36mProduct Load (0.2ms)[0m  [1m[34mSELECT  `products`.* FROM `products` WHERE `products`.`year` = 2016 AND `products`.`make` = 'Kia' AND `products`.`model` = 'Sedona' AND `products`.`submodel` = '3.6R Wagon 4-Door' AND `products`.`product_name` = 'n/a' LIMIT 1[0m
  [1m[35m (0.1ms)[0m  [1m[35mBEGIN[0m
  [1m[35mSQL (0.1ms)[0m  [1m[32mINSERT INTO `products` (`year`, `make`, `model`, `submodel`, `product_name`, `created_at`, `updated_at`) VALUES (2016, 'Kia', 'Sedona', '3.6R Wagon 4-Door', 'n/a', '2017-02-05 03:54:41', '2017-02-05 03:54:41')[0m
  [1m[35m (0.3ms)[0m  [1m[35mCOMMIT[0m
  [1m[36mProduct Load (0.2ms)[0m  [1m[34mSELECT  `products`.* FROM `products` WHERE `products`.`year` = 2016 AND `products`.`make` = 'Nissan' AND `products`.`model` = 'Versa' AND `products`.`submodel` = 'All' AND `products`.`product_name` = 'n/a' LIMIT 1[0m
  [1m[35m (0.1ms)[0m  [1m[35mBEGIN[0m
  [1m[35mSQL (0.2ms)[0m  [1m[32mINSERT INTO `products` (`year`, `make`, `model`, `submodel`, `product_name`, `created_at`, `updated_at`) VALUES (2016, 'Nissan', 'Versa', 'All', 'n/a', '2017-02-05 03:54:41', '2017-02-05 03:54:41')[0m
  [1m[35m (0.2ms)[0m  [1m[35mCOMMIT[0m
Completed 406 Not Acceptable in 11651ms (ActiveRecord: 26.1ms)


  
ActionController::UnknownFormat (BrakesController#gather_brake_data is missing a template for this request format and variant.

request.formats: ["text/html"]
request.variant: []

NOTE! For XHR/Ajax or API requests, this action would normally respond with 204 No Content: an empty white screen. Since you're loading it in a web browser, we assume that you expected to actually render a template, not nothing, so we're showing an error to be extra-clear. If you expect 204 No Content, carry on. That's what you'll get from an XHR or API request. Give it a shot.):
  
actionpack (5.0.1) lib/action_controller/metal/implicit_render.rb:56:in `default_render'
actionpack (5.0.1) lib/action_controller/metal/basic_implicit_render.rb:4:in `block in send_action'
actionpack (5.0.1) lib/action_controller/metal/basic_implicit_render.rb:4:in `tap'
actionpack (5.0.1) lib/action_controller/metal/basic_implicit_render.rb:4:in `send_action'
actionpack (5.0.1) lib/abstract_controller/base.rb:188:in `process_action'
actionpack (5.0.1) lib/action_controller/metal/rendering.rb:30:in `process_action'
actionpack (5.0.1) lib/abstract_controller/callbacks.rb:20:in `block in process_action'
activesupport (5.0.1) lib/active_support/callbacks.rb:126:in `call'
activesupport (5.0.1) lib/active_support/callbacks.rb:506:in `block (2 levels) in compile'
activesupport (5.0.1) lib/active_support/callbacks.rb:455:in `call'
activesupport (5.0.1) lib/active_support/callbacks.rb:101:in `__run_callbacks__'
activesupport (5.0.1) lib/active_support/callbacks.rb:750:in `_run_process_action_callbacks'
activesupport (5.0.1) lib/active_support/callbacks.rb:90:in `run_callbacks'
actionpack (5.0.1) lib/abstract_controller/callbacks.rb:19:in `process_action'
actionpack (5.0.1) lib/action_controller/metal/rescue.rb:20:in `process_action'
actionpack (5.0.1) lib/action_controller/metal/instrumentation.rb:32:in `block in process_action'
activesupport (5.0.1) lib/active_support/notifications.rb:164:in `block in instrument'
activesupport (5.0.1) lib/active_support/notifications/instrumenter.rb:21:in `instrument'
activesupport (5.0.1) lib/active_support/notifications.rb:164:in `instrument'
actionpack (5.0.1) lib/action_controller/metal/instrumentation.rb:30:in `process_action'
actionpack (5.0.1) lib/action_controller/metal/params_wrapper.rb:248:in `process_action'
activerecord (5.0.1) lib/active_record/railties/controller_runtime.rb:18:in `process_action'
actionpack (5.0.1) lib/abstract_controller/base.rb:126:in `process'
actionview (5.0.1) lib/action_view/rendering.rb:30:in `process'
actionpack (5.0.1) lib/action_controller/metal.rb:190:in `dispatch'
actionpack (5.0.1) lib/action_controller/metal.rb:262:in `dispatch'
actionpack (5.0.1) lib/action_dispatch/routing/route_set.rb:50:in `dispatch'
actionpack (5.0.1) lib/action_dispatch/routing/route_set.rb:32:in `serve'
actionpack (5.0.1) lib/action_dispatch/journey/router.rb:39:in `block in serve'
actionpack (5.0.1) lib/action_dispatch/journey/router.rb:26:in `each'
actionpack (5.0.1) lib/action_dispatch/journey/router.rb:26:in `serve'
actionpack (5.0.1) lib/action_dispatch/routing/route_set.rb:725:in `call'
rack (2.0.1) lib/rack/etag.rb:25:in `call'
rack (2.0.1) lib/rack/conditional_get.rb:25:in `call'
rack (2.0.1) lib/rack/head.rb:12:in `call'
rack (2.0.1) lib/rack/session/abstract/id.rb:222:in `context'
rack (2.0.1) lib/rack/session/abstract/id.rb:216:in `call'
actionpack (5.0.1) lib/action_dispatch/middleware/cookies.rb:613:in `call'
activerecord (5.0.1) lib/active_record/migration.rb:553:in `call'
actionpack (5.0.1) lib/action_dispatch/middleware/callbacks.rb:38:in `block in call'
activesupport (5.0.1) lib/active_support/callbacks.rb:97:in `__run_callbacks__'
activesupport (5.0.1) lib/active_support/callbacks.rb:750:in `_run_call_callbacks'
activesupport (5.0.1) lib/active_support/callbacks.rb:90:in `run_callbacks'
actionpack (5.0.1) lib/action_dispatch/middleware/callbacks.rb:36:in `call'
actionpack (5.0.1) lib/action_dispatch/middleware/executor.rb:12:in `call'
actionpack (5.0.1) lib/action_dispatch/middleware/remote_ip.rb:79:in `call'
actionpack (5.0.1) lib/action_dispatch/middleware/debug_exceptions.rb:49:in `call'
web-console (3.4.0) lib/web_console/middleware.rb:135:in `call_app'
web-console (3.4.0) lib/web_console/middleware.rb:28:in `block in call'
web-console (3.4.0) lib/web_console/middleware.rb:18:in `catch'
web-console (3.4.0) lib/web_console/middleware.rb:18:in `call'
actionpack (5.0.1) lib/action_dispatch/middleware/show_exceptions.rb:31:in `call'
railties (5.0.1) lib/rails/rack/logger.rb:36:in `call_app'
railties (5.0.1) lib/rails/rack/logger.rb:24:in `block in call'
activesupport (5.0.1) lib/active_support/tagged_logging.rb:69:in `block in tagged'
activesupport (5.0.1) lib/active_support/tagged_logging.rb:26:in `tagged'
activesupport (5.0.1) lib/active_support/tagged_logging.rb:69:in `tagged'
railties (5.0.1) lib/rails/rack/logger.rb:24:in `call'
sprockets-rails (3.2.0) lib/sprockets/rails/quiet_assets.rb:13:in `call'
actionpack (5.0.1) lib/action_dispatch/middleware/request_id.rb:24:in `call'
rack (2.0.1) lib/rack/method_override.rb:22:in `call'
rack (2.0.1) lib/rack/runtime.rb:22:in `call'
activesupport (5.0.1) lib/active_support/cache/strategy/local_cache_middleware.rb:28:in `call'
actionpack (5.0.1) lib/action_dispatch/middleware/executor.rb:12:in `call'
actionpack (5.0.1) lib/action_dispatch/middleware/static.rb:136:in `call'
rack (2.0.1) lib/rack/sendfile.rb:111:in `call'
railties (5.0.1) lib/rails/engine.rb:522:in `call'
rack (2.0.1) lib/rack/handler/webrick.rb:86:in `service'
/Users/pphan/.rvm/rubies/ruby-2.3.3/lib/ruby/2.3.0/webrick/httpserver.rb:140:in `service'
/Users/pphan/.rvm/rubies/ruby-2.3.3/lib/ruby/2.3.0/webrick/httpserver.rb:96:in `run'
/Users/pphan/.rvm/rubies/ruby-2.3.3/lib/ruby/2.3.0/webrick/server.rb:296:in `block in start_thread'
  Rendering /Users/pphan/.rvm/gems/ruby-2.3.3@brakes/gems/actionpack-5.0.1/lib/action_dispatch/middleware/templates/rescues/diagnostics.html.erb within rescues/layout
  Rendering /Users/pphan/.rvm/gems/ruby-2.3.3@brakes/gems/actionpack-5.0.1/lib/action_dispatch/middleware/templates/rescues/_source.html.erb
  Rendered /Users/pphan/.rvm/gems/ruby-2.3.3@brakes/gems/actionpack-5.0.1/lib/action_dispatch/middleware/templates/rescues/_source.html.erb (3.6ms)
  Rendering /Users/pphan/.rvm/gems/ruby-2.3.3@brakes/gems/actionpack-5.0.1/lib/action_dispatch/middleware/templates/rescues/_trace.html.erb
  Rendered /Users/pphan/.rvm/gems/ruby-2.3.3@brakes/gems/actionpack-5.0.1/lib/action_dispatch/middleware/templates/rescues/_trace.html.erb (1.9ms)
  Rendering /Users/pphan/.rvm/gems/ruby-2.3.3@brakes/gems/actionpack-5.0.1/lib/action_dispatch/middleware/templates/rescues/_request_and_response.html.erb
  Rendered /Users/pphan/.rvm/gems/ruby-2.3.3@brakes/gems/actionpack-5.0.1/lib/action_dispatch/middleware/templates/rescues/_request_and_response.html.erb (1.1ms)
  Rendered /Users/pphan/.rvm/gems/ruby-2.3.3@brakes/gems/actionpack-5.0.1/lib/action_dispatch/middleware/templates/rescues/diagnostics.html.erb within rescues/layout (44.4ms)
Started GET "/" for 127.0.0.1 at 2017-02-04 19:55:50 -0800
Processing by BrakesController#index as HTML
  Rendering brakes/index.html.erb within layouts/application
  [1m[36mProduct Load (0.4ms)[0m  [1m[34mSELECT `products`.* FROM `products`[0m
  Rendered brakes/index.html.erb within layouts/application (15.0ms)
Completed 200 OK in 35ms (Views: 25.7ms | ActiveRecord: 1.5ms)


Started GET "/" for 127.0.0.1 at 2017-02-04 19:55:55 -0800
Processing by BrakesController#index as HTML
  Rendering brakes/index.html.erb within layouts/application
  [1m[36mProduct Load (0.4ms)[0m  [1m[34mSELECT `products`.* FROM `products`[0m
  Rendered brakes/index.html.erb within layouts/application (3.0ms)
Completed 200 OK in 19ms (Views: 17.3ms | ActiveRecord: 0.4ms)


Started GET "/" for 127.0.0.1 at 2017-02-04 20:36:17 -0800
  
SyntaxError (/Users/pphan/workspace/brakes/app/controllers/brakes_controller.rb:103: syntax error, unexpected '}', expecting =>
... => @product.model, 'submodel'})
...                               ^):
  
app/controllers/brakes_controller.rb:103: syntax error, unexpected '}', expecting =>
  Rendering /Users/pphan/.rvm/gems/ruby-2.3.3@brakes/gems/actionpack-5.0.1/lib/action_dispatch/middleware/templates/rescues/diagnostics.html.erb within rescues/layout
  Rendering /Users/pphan/.rvm/gems/ruby-2.3.3@brakes/gems/actionpack-5.0.1/lib/action_dispatch/middleware/templates/rescues/_source.html.erb
  Rendered /Users/pphan/.rvm/gems/ruby-2.3.3@brakes/gems/actionpack-5.0.1/lib/action_dispatch/middleware/templates/rescues/_source.html.erb (2.4ms)
  Rendering /Users/pphan/.rvm/gems/ruby-2.3.3@brakes/gems/actionpack-5.0.1/lib/action_dispatch/middleware/templates/rescues/_trace.html.erb
  Rendered /Users/pphan/.rvm/gems/ruby-2.3.3@brakes/gems/actionpack-5.0.1/lib/action_dispatch/middleware/templates/rescues/_trace.html.erb (1.3ms)
  Rendering /Users/pphan/.rvm/gems/ruby-2.3.3@brakes/gems/actionpack-5.0.1/lib/action_dispatch/middleware/templates/rescues/_request_and_response.html.erb
  Rendered /Users/pphan/.rvm/gems/ruby-2.3.3@brakes/gems/actionpack-5.0.1/lib/action_dispatch/middleware/templates/rescues/_request_and_response.html.erb (1.5ms)
  Rendered /Users/pphan/.rvm/gems/ruby-2.3.3@brakes/gems/actionpack-5.0.1/lib/action_dispatch/middleware/templates/rescues/diagnostics.html.erb within rescues/layout (36.3ms)
Started GET "/" for 127.0.0.1 at 2017-02-04 20:36:31 -0800
Processing by BrakesController#index as HTML
  Rendering brakes/index.html.erb within layouts/application
  [1m[36mProduct Load (0.6ms)[0m  [1m[34mSELECT `products`.* FROM `products`[0m
  Rendered brakes/index.html.erb within layouts/application (45.7ms)
Completed 500 Internal Server Error in 52ms (ActiveRecord: 0.6ms)


  
ActionView::Template::Error (undefined method `fetch_product_types_and_prices_path' for #<#<Class:0x007fd4dbe5d460>:0x007fd4dbe5c2b8>):
    20:         <td><%= brake.make %></td>
    21:         <td><%= brake.model %></td>
    22:         <td><%= brake.submodel %></td>
    23:         <td><%= link_to "Fetch products", fetch_product_types_and_prices_path(brake) %></td>
    24:       </tr>
    25:     <% end %>
    26:   </tbody>
  
app/views/brakes/index.html.erb:23:in `block in _app_views_brakes_index_html_erb___2150154012521280210_70276099534460'
app/views/brakes/index.html.erb:17:in `_app_views_brakes_index_html_erb___2150154012521280210_70276099534460'
  Rendering /Users/pphan/.rvm/gems/ruby-2.3.3@brakes/gems/actionpack-5.0.1/lib/action_dispatch/middleware/templates/rescues/template_error.html.erb within rescues/layout
  Rendering /Users/pphan/.rvm/gems/ruby-2.3.3@brakes/gems/actionpack-5.0.1/lib/action_dispatch/middleware/templates/rescues/_source.html.erb
  Rendered /Users/pphan/.rvm/gems/ruby-2.3.3@brakes/gems/actionpack-5.0.1/lib/action_dispatch/middleware/templates/rescues/_source.html.erb (2.9ms)
  Rendering /Users/pphan/.rvm/gems/ruby-2.3.3@brakes/gems/actionpack-5.0.1/lib/action_dispatch/middleware/templates/rescues/_trace.html.erb
  Rendered /Users/pphan/.rvm/gems/ruby-2.3.3@brakes/gems/actionpack-5.0.1/lib/action_dispatch/middleware/templates/rescues/_trace.html.erb (1.3ms)
  Rendering /Users/pphan/.rvm/gems/ruby-2.3.3@brakes/gems/actionpack-5.0.1/lib/action_dispatch/middleware/templates/rescues/_request_and_response.html.erb
  Rendered /Users/pphan/.rvm/gems/ruby-2.3.3@brakes/gems/actionpack-5.0.1/lib/action_dispatch/middleware/templates/rescues/_request_and_response.html.erb (0.9ms)
  Rendered /Users/pphan/.rvm/gems/ruby-2.3.3@brakes/gems/actionpack-5.0.1/lib/action_dispatch/middleware/templates/rescues/template_error.html.erb within rescues/layout (34.6ms)
Started GET "/" for 127.0.0.1 at 2017-02-04 20:37:05 -0800
Processing by BrakesController#index as HTML
  Rendering brakes/index.html.erb within layouts/application
  [1m[36mProduct Load (0.5ms)[0m  [1m[34mSELECT `products`.* FROM `products`[0m
  Rendered brakes/index.html.erb within layouts/application (4.7ms)
Completed 200 OK in 20ms (Views: 18.7ms | ActiveRecord: 0.5ms)


Started GET "/" for ::1 at 2017-02-04 20:37:25 -0800
  [1m[36mActiveRecord::SchemaMigration Load (0.3ms)[0m  [1m[34mSELECT `schema_migrations`.* FROM `schema_migrations`[0m
Processing by BrakesController#index as HTML
  Rendering brakes/index.html.erb within layouts/application
  [1m[36mProduct Load (0.4ms)[0m  [1m[34mSELECT `products`.* FROM `products`[0m
  Rendered brakes/index.html.erb within layouts/application (25.4ms)
Completed 200 OK in 276ms (Views: 272.0ms | ActiveRecord: 1.8ms)


Started GET "/brakes/1/brake_products" for ::1 at 2017-02-04 20:37:31 -0800
  
AbstractController::ActionNotFound (The action 'brake_products' could not be found for BrakesController):
  
actionpack (5.0.1) lib/abstract_controller/base.rb:121:in `process'
actionview (5.0.1) lib/action_view/rendering.rb:30:in `process'
actionpack (5.0.1) lib/action_controller/metal.rb:190:in `dispatch'
actionpack (5.0.1) lib/action_controller/metal.rb:262:in `dispatch'
actionpack (5.0.1) lib/action_dispatch/routing/route_set.rb:50:in `dispatch'
actionpack (5.0.1) lib/action_dispatch/routing/route_set.rb:32:in `serve'
actionpack (5.0.1) lib/action_dispatch/journey/router.rb:39:in `block in serve'
actionpack (5.0.1) lib/action_dispatch/journey/router.rb:26:in `each'
actionpack (5.0.1) lib/action_dispatch/journey/router.rb:26:in `serve'
actionpack (5.0.1) lib/action_dispatch/routing/route_set.rb:725:in `call'
rack (2.0.1) lib/rack/etag.rb:25:in `call'
rack (2.0.1) lib/rack/conditional_get.rb:25:in `call'
rack (2.0.1) lib/rack/head.rb:12:in `call'
rack (2.0.1) lib/rack/session/abstract/id.rb:222:in `context'
rack (2.0.1) lib/rack/session/abstract/id.rb:216:in `call'
actionpack (5.0.1) lib/action_dispatch/middleware/cookies.rb:613:in `call'
activerecord (5.0.1) lib/active_record/migration.rb:553:in `call'
actionpack (5.0.1) lib/action_dispatch/middleware/callbacks.rb:38:in `block in call'
activesupport (5.0.1) lib/active_support/callbacks.rb:97:in `__run_callbacks__'
activesupport (5.0.1) lib/active_support/callbacks.rb:750:in `_run_call_callbacks'
activesupport (5.0.1) lib/active_support/callbacks.rb:90:in `run_callbacks'
actionpack (5.0.1) lib/action_dispatch/middleware/callbacks.rb:36:in `call'
actionpack (5.0.1) lib/action_dispatch/middleware/executor.rb:12:in `call'
actionpack (5.0.1) lib/action_dispatch/middleware/remote_ip.rb:79:in `call'
actionpack (5.0.1) lib/action_dispatch/middleware/debug_exceptions.rb:49:in `call'
web-console (3.4.0) lib/web_console/middleware.rb:135:in `call_app'
web-console (3.4.0) lib/web_console/middleware.rb:28:in `block in call'
web-console (3.4.0) lib/web_console/middleware.rb:18:in `catch'
web-console (3.4.0) lib/web_console/middleware.rb:18:in `call'
actionpack (5.0.1) lib/action_dispatch/middleware/show_exceptions.rb:31:in `call'
railties (5.0.1) lib/rails/rack/logger.rb:36:in `call_app'
railties (5.0.1) lib/rails/rack/logger.rb:24:in `block in call'
activesupport (5.0.1) lib/active_support/tagged_logging.rb:69:in `block in tagged'
activesupport (5.0.1) lib/active_support/tagged_logging.rb:26:in `tagged'
activesupport (5.0.1) lib/active_support/tagged_logging.rb:69:in `tagged'
railties (5.0.1) lib/rails/rack/logger.rb:24:in `call'
sprockets-rails (3.2.0) lib/sprockets/rails/quiet_assets.rb:13:in `call'
actionpack (5.0.1) lib/action_dispatch/middleware/request_id.rb:24:in `call'
rack (2.0.1) lib/rack/method_override.rb:22:in `call'
rack (2.0.1) lib/rack/runtime.rb:22:in `call'
activesupport (5.0.1) lib/active_support/cache/strategy/local_cache_middleware.rb:28:in `call'
actionpack (5.0.1) lib/action_dispatch/middleware/executor.rb:12:in `call'
actionpack (5.0.1) lib/action_dispatch/middleware/static.rb:136:in `call'
rack (2.0.1) lib/rack/sendfile.rb:111:in `call'
railties (5.0.1) lib/rails/engine.rb:522:in `call'
rack (2.0.1) lib/rack/handler/webrick.rb:86:in `service'
/Users/pphan/.rvm/rubies/ruby-2.3.3/lib/ruby/2.3.0/webrick/httpserver.rb:140:in `service'
/Users/pphan/.rvm/rubies/ruby-2.3.3/lib/ruby/2.3.0/webrick/httpserver.rb:96:in `run'
/Users/pphan/.rvm/rubies/ruby-2.3.3/lib/ruby/2.3.0/webrick/server.rb:296:in `block in start_thread'
  Rendering /Users/pphan/.rvm/gems/ruby-2.3.3@brakes/gems/actionpack-5.0.1/lib/action_dispatch/middleware/templates/rescues/unknown_action.html.erb within rescues/layout
  Rendered /Users/pphan/.rvm/gems/ruby-2.3.3@brakes/gems/actionpack-5.0.1/lib/action_dispatch/middleware/templates/rescues/unknown_action.html.erb within rescues/layout (0.3ms)
Started GET "/" for ::1 at 2017-02-04 20:37:49 -0800
Processing by BrakesController#index as HTML
  Rendering brakes/index.html.erb within layouts/application
  [1m[36mProduct Load (0.3ms)[0m  [1m[34mSELECT `products`.* FROM `products`[0m
  Rendered brakes/index.html.erb within layouts/application (11.9ms)
Completed 200 OK in 25ms (Views: 21.7ms | ActiveRecord: 0.3ms)


Started GET "/" for ::1 at 2017-02-04 20:37:50 -0800
Processing by BrakesController#index as HTML
  Rendering brakes/index.html.erb within layouts/application
  [1m[36mProduct Load (0.3ms)[0m  [1m[34mSELECT `products`.* FROM `products`[0m
  Rendered brakes/index.html.erb within layouts/application (5.1ms)
Completed 200 OK in 22ms (Views: 20.2ms | ActiveRecord: 0.3ms)


Started GET "/brakes/1/brake_products" for ::1 at 2017-02-04 20:37:56 -0800
Processing by BrakesController#brake_products as HTML
  Parameters: {"id"=>"1"}
  [1m[36mProduct Load (0.3ms)[0m  [1m[34mSELECT  `products`.* FROM `products` WHERE `products`.`id` = 1 LIMIT 1[0m
Completed 500 Internal Server Error in 10ms (ActiveRecord: 0.3ms)


  
NameError (undefined local variable or method `years' for #<BrakesController:0x007f801c8bca10>):
  
app/controllers/brakes_controller.rb:101:in `brake_products'
  Rendering /Users/pphan/.rvm/gems/ruby-2.3.3@brakes/gems/actionpack-5.0.1/lib/action_dispatch/middleware/templates/rescues/diagnostics.html.erb within rescues/layout
  Rendering /Users/pphan/.rvm/gems/ruby-2.3.3@brakes/gems/actionpack-5.0.1/lib/action_dispatch/middleware/templates/rescues/_source.html.erb
  Rendered /Users/pphan/.rvm/gems/ruby-2.3.3@brakes/gems/actionpack-5.0.1/lib/action_dispatch/middleware/templates/rescues/_source.html.erb (2.3ms)
  Rendering /Users/pphan/.rvm/gems/ruby-2.3.3@brakes/gems/actionpack-5.0.1/lib/action_dispatch/middleware/templates/rescues/_trace.html.erb
  Rendered /Users/pphan/.rvm/gems/ruby-2.3.3@brakes/gems/actionpack-5.0.1/lib/action_dispatch/middleware/templates/rescues/_trace.html.erb (1.4ms)
  Rendering /Users/pphan/.rvm/gems/ruby-2.3.3@brakes/gems/actionpack-5.0.1/lib/action_dispatch/middleware/templates/rescues/_request_and_response.html.erb
  Rendered /Users/pphan/.rvm/gems/ruby-2.3.3@brakes/gems/actionpack-5.0.1/lib/action_dispatch/middleware/templates/rescues/_request_and_response.html.erb (1.0ms)
  Rendered /Users/pphan/.rvm/gems/ruby-2.3.3@brakes/gems/actionpack-5.0.1/lib/action_dispatch/middleware/templates/rescues/diagnostics.html.erb within rescues/layout (36.4ms)
Started GET "/" for ::1 at 2017-02-04 20:38:27 -0800
Processing by BrakesController#index as HTML
  Rendering brakes/index.html.erb within layouts/application
  [1m[36mProduct Load (0.4ms)[0m  [1m[34mSELECT `products`.* FROM `products`[0m
  Rendered brakes/index.html.erb within layouts/application (14.4ms)
Completed 200 OK in 32ms (Views: 28.0ms | ActiveRecord: 1.1ms)


Started GET "/" for ::1 at 2017-02-04 20:38:28 -0800
Processing by BrakesController#index as HTML
  Rendering brakes/index.html.erb within layouts/application
  [1m[36mProduct Load (0.5ms)[0m  [1m[34mSELECT `products`.* FROM `products`[0m
  Rendered brakes/index.html.erb within layouts/application (16.0ms)
Completed 200 OK in 31ms (Views: 29.1ms | ActiveRecord: 0.5ms)


Started GET "/brakes/1/brake_products" for ::1 at 2017-02-04 20:38:32 -0800
Processing by BrakesController#brake_products as HTML
  Parameters: {"id"=>"1"}
  [1m[36mProduct Load (0.3ms)[0m  [1m[34mSELECT  `products`.* FROM `products` WHERE `products`.`id` = 1 LIMIT 1[0m
Redirected to http://localhost:3000/
Completed 302 Found in 1754ms (ActiveRecord: 0.3ms)


Started GET "/" for ::1 at 2017-02-04 20:38:34 -0800
Processing by BrakesController#index as HTML
  Rendering brakes/index.html.erb within layouts/application
  [1m[36mProduct Load (0.3ms)[0m  [1m[34mSELECT `products`.* FROM `products`[0m
  Rendered brakes/index.html.erb within layouts/application (3.8ms)
Completed 200 OK in 15ms (Views: 14.1ms | ActiveRecord: 0.3ms)


Started GET "/" for 127.0.0.1 at 2017-02-04 20:39:08 -0800
  [1m[36mActiveRecord::SchemaMigration Load (0.3ms)[0m  [1m[34mSELECT `schema_migrations`.* FROM `schema_migrations`[0m
Processing by BrakesController#index as HTML
  Rendering brakes/index.html.erb within layouts/application
  [1m[36mProduct Load (0.5ms)[0m  [1m[34mSELECT `products`.* FROM `products`[0m
  Rendered brakes/index.html.erb within layouts/application (55.6ms)
Completed 200 OK in 453ms (Views: 445.4ms | ActiveRecord: 1.5ms)


Started GET "/brakes/1/brake_products" for 127.0.0.1 at 2017-02-04 20:39:11 -0800
Processing by BrakesController#brake_products as HTML
  Parameters: {"id"=>"1"}
  [1m[36mProduct Load (0.3ms)[0m  [1m[34mSELECT  `products`.* FROM `products` WHERE `products`.`id` = 1 LIMIT 1[0m
Redirected to http://localhost:3000/
Completed 302 Found in 181879ms (ActiveRecord: 0.3ms)


Started GET "/" for 127.0.0.1 at 2017-02-04 20:42:13 -0800
Processing by BrakesController#index as HTML
  Rendering brakes/index.html.erb within layouts/application
  [1m[36mProduct Load (0.4ms)[0m  [1m[34mSELECT `products`.* FROM `products`[0m
  Rendered brakes/index.html.erb within layouts/application (17.7ms)
Completed 200 OK in 64ms (Views: 62.3ms | ActiveRecord: 0.4ms)


Started GET "/brakes/1/brake_products" for 127.0.0.1 at 2017-02-04 20:42:40 -0800
Processing by BrakesController#brake_products as HTML
  Parameters: {"id"=>"1"}
  [1m[36mProduct Load (0.3ms)[0m  [1m[34mSELECT  `products`.* FROM `products` WHERE `products`.`id` = 1 LIMIT 1[0m
Redirected to http://localhost:3000/
Completed 302 Found in 598ms (ActiveRecord: 1.2ms)


Started GET "/" for 127.0.0.1 at 2017-02-04 20:42:41 -0800
Processing by BrakesController#index as HTML
  Rendering brakes/index.html.erb within layouts/application
  [1m[36mProduct Load (0.3ms)[0m  [1m[34mSELECT `products`.* FROM `products`[0m
  Rendered brakes/index.html.erb within layouts/application (3.1ms)
Completed 200 OK in 17ms (Views: 15.6ms | ActiveRecord: 0.3ms)


  [1m[36mProduct Load (0.2ms)[0m  [1m[34mSELECT  `products`.* FROM `products` ORDER BY `products`.`id` ASC LIMIT 1[0m
Started GET "/" for 127.0.0.1 at 2017-02-04 21:23:41 -0800
Processing by BrakesController#index as HTML
  Rendering brakes/index.html.erb within layouts/application
  [1m[36mProduct Load (0.9ms)[0m  [1m[34mSELECT `products`.* FROM `products`[0m
  Rendered brakes/index.html.erb within layouts/application (17.2ms)
Completed 200 OK in 33ms (Views: 29.7ms | ActiveRecord: 0.9ms)


Started GET "/brakes/1/brake_products" for 127.0.0.1 at 2017-02-04 21:23:47 -0800
Processing by BrakesController#brake_products as HTML
  Parameters: {"id"=>"1"}
  [1m[36mProduct Load (0.3ms)[0m  [1m[34mSELECT  `products`.* FROM `products` WHERE `products`.`id` = 1 LIMIT 1[0m
Redirected to http://localhost:3000/
Completed 302 Found in 3744ms (ActiveRecord: 0.3ms)


Started GET "/" for 127.0.0.1 at 2017-02-04 21:23:50 -0800
Processing by BrakesController#index as HTML
  Rendering brakes/index.html.erb within layouts/application
  [1m[36mProduct Load (0.3ms)[0m  [1m[34mSELECT `products`.* FROM `products`[0m
  Rendered brakes/index.html.erb within layouts/application (3.6ms)
Completed 200 OK in 24ms (Views: 22.5ms | ActiveRecord: 0.3ms)


Started GET "/brakes/1/brake_products" for 127.0.0.1 at 2017-02-04 21:27:49 -0800
Processing by BrakesController#brake_products as HTML
  Parameters: {"id"=>"1"}
  [1m[36mProduct Load (0.3ms)[0m  [1m[34mSELECT  `products`.* FROM `products` WHERE `products`.`id` = 1 LIMIT 1[0m
Completed 500 Internal Server Error in 175656ms (ActiveRecord: 1.3ms)


  
NoMethodError (undefined method `value' for #<Nokogiri::XML::NodeSet:0x007f8ee4ba2b40>):
  
app/controllers/brakes_controller.rb:128:in `block in brake_products'
app/controllers/brakes_controller.rb:119:in `each_with_index'
app/controllers/brakes_controller.rb:119:in `brake_products'
  Rendering /Users/pphan/.rvm/gems/ruby-2.3.3@brakes/gems/actionpack-5.0.1/lib/action_dispatch/middleware/templates/rescues/diagnostics.html.erb within rescues/layout
  Rendering /Users/pphan/.rvm/gems/ruby-2.3.3@brakes/gems/actionpack-5.0.1/lib/action_dispatch/middleware/templates/rescues/_source.html.erb
  Rendered /Users/pphan/.rvm/gems/ruby-2.3.3@brakes/gems/actionpack-5.0.1/lib/action_dispatch/middleware/templates/rescues/_source.html.erb (26.9ms)
  Rendering /Users/pphan/.rvm/gems/ruby-2.3.3@brakes/gems/actionpack-5.0.1/lib/action_dispatch/middleware/templates/rescues/_trace.html.erb
  Rendered /Users/pphan/.rvm/gems/ruby-2.3.3@brakes/gems/actionpack-5.0.1/lib/action_dispatch/middleware/templates/rescues/_trace.html.erb (7.1ms)
  Rendering /Users/pphan/.rvm/gems/ruby-2.3.3@brakes/gems/actionpack-5.0.1/lib/action_dispatch/middleware/templates/rescues/_request_and_response.html.erb
  Rendered /Users/pphan/.rvm/gems/ruby-2.3.3@brakes/gems/actionpack-5.0.1/lib/action_dispatch/middleware/templates/rescues/_request_and_response.html.erb (3.9ms)
  Rendered /Users/pphan/.rvm/gems/ruby-2.3.3@brakes/gems/actionpack-5.0.1/lib/action_dispatch/middleware/templates/rescues/diagnostics.html.erb within rescues/layout (76.5ms)
Started GET "/" for 127.0.0.1 at 2017-02-04 21:34:06 -0800
  [1m[36mActiveRecord::SchemaMigration Load (0.3ms)[0m  [1m[34mSELECT `schema_migrations`.* FROM `schema_migrations`[0m
Processing by BrakesController#index as HTML
  Rendering brakes/index.html.erb within layouts/application
  [1m[36mProduct Load (0.4ms)[0m  [1m[34mSELECT `products`.* FROM `products`[0m
  Rendered brakes/index.html.erb within layouts/application (54.6ms)
Completed 200 OK in 428ms (Views: 421.5ms | ActiveRecord: 1.7ms)


Started GET "/" for 127.0.0.1 at 2017-02-04 21:34:07 -0800
Processing by BrakesController#index as HTML
  Rendering brakes/index.html.erb within layouts/application
  [1m[36mProduct Load (0.5ms)[0m  [1m[34mSELECT `products`.* FROM `products`[0m
  Rendered brakes/index.html.erb within layouts/application (19.1ms)
Completed 200 OK in 65ms (Views: 63.0ms | ActiveRecord: 0.5ms)


Started GET "/brakes/1/brake_products" for 127.0.0.1 at 2017-02-04 21:34:09 -0800
Processing by BrakesController#brake_products as HTML
  Parameters: {"id"=>"1"}
  [1m[36mProduct Load (0.6ms)[0m  [1m[34mSELECT  `products`.* FROM `products` WHERE `products`.`id` = 1 LIMIT 1[0m
Redirected to http://localhost:3000/
Completed 302 Found in 216085ms (ActiveRecord: 0.6ms)


Started GET "/" for 127.0.0.1 at 2017-02-04 21:37:45 -0800
Processing by BrakesController#index as HTML
  Rendering brakes/index.html.erb within layouts/application
  [1m[36mProduct Load (0.4ms)[0m  [1m[34mSELECT `products`.* FROM `products`[0m
  Rendered brakes/index.html.erb within layouts/application (20.3ms)
Completed 200 OK in 66ms (Views: 63.6ms | ActiveRecord: 0.4ms)


Started GET "/" for 127.0.0.1 at 2017-02-04 21:37:53 -0800
Processing by BrakesController#index as HTML
  Rendering brakes/index.html.erb within layouts/application
  [1m[36mProduct Load (0.8ms)[0m  [1m[34mSELECT `products`.* FROM `products`[0m
  Rendered brakes/index.html.erb within layouts/application (19.7ms)
Completed 200 OK in 33ms (Views: 28.7ms | ActiveRecord: 2.4ms)


Started GET "/brakes/1/brake_products" for 127.0.0.1 at 2017-02-04 21:37:54 -0800
Processing by BrakesController#brake_products as HTML
  Parameters: {"id"=>"1"}
  [1m[36mProduct Load (0.3ms)[0m  [1m[34mSELECT  `products`.* FROM `products` WHERE `products`.`id` = 1 LIMIT 1[0m
Redirected to http://localhost:3000/
Completed 302 Found in 1710ms (ActiveRecord: 0.3ms)


Started GET "/" for 127.0.0.1 at 2017-02-04 21:37:56 -0800
Processing by BrakesController#index as HTML
  Rendering brakes/index.html.erb within layouts/application
  [1m[36mProduct Load (0.3ms)[0m  [1m[34mSELECT `products`.* FROM `products`[0m
  Rendered brakes/index.html.erb within layouts/application (3.8ms)
Completed 200 OK in 18ms (Views: 16.3ms | ActiveRecord: 0.3ms)


Started GET "/" for 127.0.0.1 at 2017-02-04 21:38:16 -0800
  [1m[36mActiveRecord::SchemaMigration Load (0.3ms)[0m  [1m[34mSELECT `schema_migrations`.* FROM `schema_migrations`[0m
Processing by BrakesController#index as HTML
  Rendering brakes/index.html.erb within layouts/application
  [1m[36mProduct Load (1.0ms)[0m  [1m[34mSELECT `products`.* FROM `products`[0m
  Rendered brakes/index.html.erb within layouts/application (58.7ms)
Completed 200 OK in 471ms (Views: 461.7ms | ActiveRecord: 3.3ms)


Started GET "/brakes/1/brake_products" for 127.0.0.1 at 2017-02-04 21:38:20 -0800
Processing by BrakesController#brake_products as HTML
  Parameters: {"id"=>"1"}
  [1m[36mProduct Load (0.3ms)[0m  [1m[34mSELECT  `products`.* FROM `products` WHERE `products`.`id` = 1 LIMIT 1[0m
Redirected to http://localhost:3000/
Completed 302 Found in 263142ms (ActiveRecord: 0.3ms)


Started GET "/" for 127.0.0.1 at 2017-02-04 21:42:44 -0800
Processing by BrakesController#index as HTML
  Rendering brakes/index.html.erb within layouts/application
  [1m[36mProduct Load (0.4ms)[0m  [1m[34mSELECT `products`.* FROM `products`[0m
  Rendered brakes/index.html.erb within layouts/application (5.9ms)
Completed 200 OK in 26ms (Views: 24.7ms | ActiveRecord: 0.4ms)


  [1m[36mActiveRecord::SchemaMigration Load (0.2ms)[0m  [1m[34mSELECT `schema_migrations`.* FROM `schema_migrations`[0m
  [1m[35m (3.2ms)[0m  [1m[34mSELECT `ar_internal_metadata`.`value` FROM `ar_internal_metadata` WHERE `ar_internal_metadata`.`key` = 'environment'[0m
  [1m[36mActiveRecord::SchemaMigration Load (0.2ms)[0m  [1m[34mSELECT `schema_migrations`.* FROM `schema_migrations`[0m
  [1m[35m (0.2ms)[0m  [1m[34mSELECT `ar_internal_metadata`.`value` FROM `ar_internal_metadata` WHERE `ar_internal_metadata`.`key` = 'environment'[0m
  [1m[36mActiveRecord::SchemaMigration Load (0.1ms)[0m  [1m[34mSELECT `schema_migrations`.* FROM `schema_migrations`[0m
  [1m[35m (0.2ms)[0m  [1m[34mSELECT `ar_internal_metadata`.`value` FROM `ar_internal_metadata` WHERE `ar_internal_metadata`.`key` = 'environment'[0m
  [1m[35m (14.4ms)[0m  [1m[35mDROP DATABASE IF EXISTS `brakes_dev`[0m
  [1m[35m (36.8ms)[0m  [1m[35mCREATE TABLE `schema_migrations` (`version` varchar(255) PRIMARY KEY) ENGINE=InnoDB[0m
  [1m[35m (30.8ms)[0m  [1m[35mCREATE TABLE `ar_internal_metadata` (`key` varchar(255) PRIMARY KEY, `value` varchar(255), `created_at` datetime NOT NULL, `updated_at` datetime NOT NULL) ENGINE=InnoDB[0m
  [1m[35m (0.2ms)[0m  [1m[34mSELECT DATABASE() as db[0m
  [1m[35m (0.2ms)[0m  [1m[34mSELECT GET_LOCK('7929587608609798635', 0);[0m
  [1m[36mActiveRecord::SchemaMigration Load (0.3ms)[0m  [1m[34mSELECT `schema_migrations`.* FROM `schema_migrations`[0m
Migrating to CreateProducts (20170125181415)
  [1m[35m (36.3ms)[0m  [1m[35mCREATE TABLE `categories` (`id` int AUTO_INCREMENT PRIMARY KEY, `year` int NOT NULL, `make` varchar(255) NOT NULL, `model` varchar(255) NOT NULL, `submodel` varchar(255) NOT NULL, `created_at` datetime NOT NULL, `updated_at` datetime NOT NULL) ENGINE=InnoDB[0m
  [1m[35m (18.7ms)[0m  [1m[35mCREATE TABLE `products` (`id` int AUTO_INCREMENT PRIMARY KEY, `name` varchar(255), `description` text, `subcat` varchar(255), `cat` varchar(255), `rotor_color` varchar(255), `brand` varchar(255), `brand_id` int, `rotor_set` int, `position` varchar(255), `price` float, `prefix` int, `category_id` int, `created_at` datetime NOT NULL, `updated_at` datetime NOT NULL,  INDEX `index_products_on_category_id`  (`category_id`)) ENGINE=InnoDB[0m
  [1m[35m (0.1ms)[0m  [1m[35mBEGIN[0m
  [1m[35mSQL (0.1ms)[0m  [1m[32mINSERT INTO `schema_migrations` (`version`) VALUES ('20170125181415')[0m
  [1m[35m (0.2ms)[0m  [1m[35mCOMMIT[0m
  [1m[36mActiveRecord::InternalMetadata Load (0.2ms)[0m  [1m[34mSELECT  `ar_internal_metadata`.* FROM `ar_internal_metadata` WHERE `ar_internal_metadata`.`key` = 'environment' LIMIT 1[0m
  [1m[35m (0.1ms)[0m  [1m[35mBEGIN[0m
  [1m[35mSQL (0.2ms)[0m  [1m[32mINSERT INTO `ar_internal_metadata` (`key`, `value`, `created_at`, `updated_at`) VALUES ('environment', 'development', '2017-02-05 05:47:43', '2017-02-05 05:47:43')[0m
  [1m[35m (0.2ms)[0m  [1m[35mCOMMIT[0m
  [1m[35m (0.2ms)[0m  [1m[34mSELECT RELEASE_LOCK('7929587608609798635')[0m
  [1m[36mActiveRecord::SchemaMigration Load (0.1ms)[0m  [1m[34mSELECT `schema_migrations`.* FROM `schema_migrations`[0m
  [1m[35m (0.2ms)[0m  [1m[35mSHOW CREATE TABLE `categories`[0m
  [1m[35m (0.2ms)[0m  [1m[35mSHOW TABLE STATUS LIKE 'categories'[0m
  [1m[35m (0.1ms)[0m  [1m[35mSHOW CREATE TABLE `products`[0m
  [1m[35m (0.2ms)[0m  [1m[35mSHOW TABLE STATUS LIKE 'products'[0m
